<?xml version="1.0" encoding="UTF-8"?>
<!-- Generated by org.testng.reporters.JUnitXMLReporter -->
<testsuite hostname="H21928.local" ignored="0" name="Default test" tests="7" failures="0" timestamp="13 Apr 2022 02:41:57 GMT" time="53.84" errors="0">
  <testcase name="testStagingFECheckCB" time="8.463" classname="com.StagingFECheck.testCases.StagingFECheckCB"/>
  <testcase name="testStagingFECheckMAC" time="3.583" classname="com.StagingFECheck.testCases.StagingFECheckMAC"/>
  <testcase name="testStagingFECheckCHF" time="8.526" classname="com.StagingFECheck.testCases.StagingFECheckCHF"/>
  <testcase name="testStagingFECheckCHE" time="2.486" classname="com.StagingFECheck.testCases.StagingFECheckCHE"/>
  <testcase name="testStagingFECheckTL" time="11.057" classname="com.StagingFECheck.testCases.StagingFECheckTL"/>
  <testcase name="testStagingFECheckTP" time="2.282" classname="com.StagingFECheck.testCases.StagingFECheckTP"/>
  <testcase name="testStagingFECheckTL" time="6.38" classname="com.StagingFECheck.testCases.StagingFECheckFashion"/>
</testsuite> <!-- Default test -->
