<?xml version="1.0" encoding="UTF-8"?>
<testng-results skipped="0" failed="0" ignored="0" total="14" passed="14">
  <reporter-output>
  </reporter-output>
  <suite name="StagingFECheck" duration-ms="0" started-at="2022-04-13T03:54:23Z" finished-at="2022-04-13T03:54:23Z">
    <groups>
    </groups>
  </suite> <!-- StagingFECheck -->
  <suite name="StagingFECheck (0)" duration-ms="98427" started-at="2022-04-13T03:52:44Z" finished-at="2022-04-13T03:54:23Z">
    <groups>
    </groups>
    <test name="StagingFECheckCBonChrome" duration-ms="4180" started-at="2022-04-13T03:52:44Z" finished-at="2022-04-13T03:52:49Z">
      <class name="com.StagingFECheck.testCases.StagingFECheckCB">
        <test-method status="PASS" signature="setUp(java.lang.String)[pri:0, instance:com.StagingFECheck.testCases.StagingFECheckCB@1e67b872]" name="setUp" is-config="true" duration-ms="2210" started-at="2022-04-13T03:52:44Z" finished-at="2022-04-13T03:52:47Z">
          <params>
            <param index="0">
              <value>
                <![CDATA[chrome]]>
              </value>
            </param>
          </params>
          <reporter-output>
          </reporter-output>
        </test-method> <!-- setUp -->
        <test-method status="PASS" signature="testStagingFECheckCB()[pri:0, instance:com.StagingFECheck.testCases.StagingFECheckCB@1e67b872]" name="testStagingFECheckCB" duration-ms="1846" started-at="2022-04-13T03:52:47Z" finished-at="2022-04-13T03:52:48Z">
          <reporter-output>
          </reporter-output>
        </test-method> <!-- testStagingFECheckCB -->
        <test-method status="PASS" signature="tearDown()[pri:0, instance:com.StagingFECheck.testCases.StagingFECheckCB@1e67b872]" name="tearDown" is-config="true" duration-ms="110" started-at="2022-04-13T03:52:48Z" finished-at="2022-04-13T03:52:49Z">
          <reporter-output>
          </reporter-output>
        </test-method> <!-- tearDown -->
      </class> <!-- com.StagingFECheck.testCases.StagingFECheckCB -->
    </test> <!-- StagingFECheckCBonChrome -->
    <test name="StagingFECheckCHEonChrome" duration-ms="3862" started-at="2022-04-13T03:52:49Z" finished-at="2022-04-13T03:52:52Z">
      <class name="com.StagingFECheck.testCases.StagingFECheckCHE">
        <test-method status="PASS" signature="setUp(java.lang.String)[pri:0, instance:com.StagingFECheck.testCases.StagingFECheckCHE@2c9f9fb0]" name="setUp" is-config="true" duration-ms="1328" started-at="2022-04-13T03:52:49Z" finished-at="2022-04-13T03:52:50Z">
          <params>
            <param index="0">
              <value>
                <![CDATA[chrome]]>
              </value>
            </param>
          </params>
          <reporter-output>
          </reporter-output>
        </test-method> <!-- setUp -->
        <test-method status="PASS" signature="testStagingFECheckCHE()[pri:0, instance:com.StagingFECheck.testCases.StagingFECheckCHE@2c9f9fb0]" name="testStagingFECheckCHE" duration-ms="2416" started-at="2022-04-13T03:52:50Z" finished-at="2022-04-13T03:52:52Z">
          <reporter-output>
          </reporter-output>
        </test-method> <!-- testStagingFECheckCHE -->
        <test-method status="PASS" signature="tearDown()[pri:0, instance:com.StagingFECheck.testCases.StagingFECheckCHE@2c9f9fb0]" name="tearDown" is-config="true" duration-ms="117" started-at="2022-04-13T03:52:52Z" finished-at="2022-04-13T03:52:52Z">
          <reporter-output>
          </reporter-output>
        </test-method> <!-- tearDown -->
      </class> <!-- com.StagingFECheck.testCases.StagingFECheckCHE -->
    </test> <!-- StagingFECheckCHEonChrome -->
    <test name="StagingFECheckCHFonChrome" duration-ms="4070" started-at="2022-04-13T03:52:52Z" finished-at="2022-04-13T03:52:57Z">
      <class name="com.StagingFECheck.testCases.StagingFECheckCHF">
        <test-method status="PASS" signature="setUp(java.lang.String)[pri:0, instance:com.StagingFECheck.testCases.StagingFECheckCHF@2cb4c3ab]" name="setUp" is-config="true" duration-ms="1369" started-at="2022-04-13T03:52:52Z" finished-at="2022-04-13T03:52:54Z">
          <params>
            <param index="0">
              <value>
                <![CDATA[chrome]]>
              </value>
            </param>
          </params>
          <reporter-output>
          </reporter-output>
        </test-method> <!-- setUp -->
        <test-method status="PASS" signature="testStagingFECheckCHF()[pri:0, instance:com.StagingFECheck.testCases.StagingFECheckCHF@2cb4c3ab]" name="testStagingFECheckCHF" duration-ms="2532" started-at="2022-04-13T03:52:54Z" finished-at="2022-04-13T03:52:56Z">
          <reporter-output>
          </reporter-output>
        </test-method> <!-- testStagingFECheckCHF -->
        <test-method status="PASS" signature="tearDown()[pri:0, instance:com.StagingFECheck.testCases.StagingFECheckCHF@2cb4c3ab]" name="tearDown" is-config="true" duration-ms="168" started-at="2022-04-13T03:52:56Z" finished-at="2022-04-13T03:52:57Z">
          <reporter-output>
          </reporter-output>
        </test-method> <!-- tearDown -->
      </class> <!-- com.StagingFECheck.testCases.StagingFECheckCHF -->
    </test> <!-- StagingFECheckCHFonChrome -->
    <test name="StagingFECheckFashiononChrome" duration-ms="7835" started-at="2022-04-13T03:52:57Z" finished-at="2022-04-13T03:53:04Z">
      <class name="com.StagingFECheck.testCases.StagingFECheckFashion">
        <test-method status="PASS" signature="setUp(java.lang.String)[pri:0, instance:com.StagingFECheck.testCases.StagingFECheckFashion@7f560810]" name="setUp" is-config="true" duration-ms="1297" started-at="2022-04-13T03:52:57Z" finished-at="2022-04-13T03:52:58Z">
          <params>
            <param index="0">
              <value>
                <![CDATA[chrome]]>
              </value>
            </param>
          </params>
          <reporter-output>
          </reporter-output>
        </test-method> <!-- setUp -->
        <test-method status="PASS" signature="testStagingFECheckTL()[pri:0, instance:com.StagingFECheck.testCases.StagingFECheckFashion@7f560810]" name="testStagingFECheckTL" duration-ms="6425" started-at="2022-04-13T03:52:58Z" finished-at="2022-04-13T03:53:04Z">
          <reporter-output>
          </reporter-output>
        </test-method> <!-- testStagingFECheckTL -->
        <test-method status="PASS" signature="tearDown()[pri:0, instance:com.StagingFECheck.testCases.StagingFECheckFashion@7f560810]" name="tearDown" is-config="true" duration-ms="112" started-at="2022-04-13T03:53:04Z" finished-at="2022-04-13T03:53:04Z">
          <reporter-output>
          </reporter-output>
        </test-method> <!-- tearDown -->
      </class> <!-- com.StagingFECheck.testCases.StagingFECheckFashion -->
    </test> <!-- StagingFECheckFashiononChrome -->
    <test name="StagingFECheckMAConChrome" duration-ms="5212" started-at="2022-04-13T03:53:04Z" finished-at="2022-04-13T03:53:10Z">
      <class name="com.StagingFECheck.testCases.StagingFECheckMAC">
        <test-method status="PASS" signature="setUp(java.lang.String)[pri:0, instance:com.StagingFECheck.testCases.StagingFECheckMAC@39fb3ab6]" name="setUp" is-config="true" duration-ms="1346" started-at="2022-04-13T03:53:04Z" finished-at="2022-04-13T03:53:06Z">
          <params>
            <param index="0">
              <value>
                <![CDATA[chrome]]>
              </value>
            </param>
          </params>
          <reporter-output>
          </reporter-output>
        </test-method> <!-- setUp -->
        <test-method status="PASS" signature="testStagingFECheckMAC()[pri:0, instance:com.StagingFECheck.testCases.StagingFECheckMAC@39fb3ab6]" name="testStagingFECheckMAC" duration-ms="3652" started-at="2022-04-13T03:53:06Z" finished-at="2022-04-13T03:53:09Z">
          <reporter-output>
          </reporter-output>
        </test-method> <!-- testStagingFECheckMAC -->
        <test-method status="PASS" signature="tearDown()[pri:0, instance:com.StagingFECheck.testCases.StagingFECheckMAC@39fb3ab6]" name="tearDown" is-config="true" duration-ms="213" started-at="2022-04-13T03:53:09Z" finished-at="2022-04-13T03:53:10Z">
          <reporter-output>
          </reporter-output>
        </test-method> <!-- tearDown -->
      </class> <!-- com.StagingFECheck.testCases.StagingFECheckMAC -->
    </test> <!-- StagingFECheckMAConChrome -->
    <test name="StagingFECheckTLonChrome" duration-ms="10372" started-at="2022-04-13T03:53:10Z" finished-at="2022-04-13T03:53:20Z">
      <class name="com.StagingFECheck.testCases.StagingFECheckTL">
        <test-method status="PASS" signature="setUp(java.lang.String)[pri:0, instance:com.StagingFECheck.testCases.StagingFECheckTL@32e6e9c3]" name="setUp" is-config="true" duration-ms="1375" started-at="2022-04-13T03:53:10Z" finished-at="2022-04-13T03:53:11Z">
          <params>
            <param index="0">
              <value>
                <![CDATA[chrome]]>
              </value>
            </param>
          </params>
          <reporter-output>
          </reporter-output>
        </test-method> <!-- setUp -->
        <test-method status="PASS" signature="testStagingFECheckTL()[pri:0, instance:com.StagingFECheck.testCases.StagingFECheckTL@32e6e9c3]" name="testStagingFECheckTL" duration-ms="8865" started-at="2022-04-13T03:53:11Z" finished-at="2022-04-13T03:53:20Z">
          <reporter-output>
          </reporter-output>
        </test-method> <!-- testStagingFECheckTL -->
        <test-method status="PASS" signature="tearDown()[pri:0, instance:com.StagingFECheck.testCases.StagingFECheckTL@32e6e9c3]" name="tearDown" is-config="true" duration-ms="132" started-at="2022-04-13T03:53:20Z" finished-at="2022-04-13T03:53:20Z">
          <reporter-output>
          </reporter-output>
        </test-method> <!-- tearDown -->
      </class> <!-- com.StagingFECheck.testCases.StagingFECheckTL -->
    </test> <!-- StagingFECheckTLonChrome -->
    <test name="StagingFECheckTPonChrome" duration-ms="4174" started-at="2022-04-13T03:53:20Z" finished-at="2022-04-13T03:53:24Z">
      <class name="com.StagingFECheck.testCases.StagingFECheckTP">
        <test-method status="PASS" signature="setUp(java.lang.String)[pri:0, instance:com.StagingFECheck.testCases.StagingFECheckTP@6ea12c19]" name="setUp" is-config="true" duration-ms="1253" started-at="2022-04-13T03:53:20Z" finished-at="2022-04-13T03:53:21Z">
          <params>
            <param index="0">
              <value>
                <![CDATA[chrome]]>
              </value>
            </param>
          </params>
          <reporter-output>
          </reporter-output>
        </test-method> <!-- setUp -->
        <test-method status="PASS" signature="testStagingFECheckTP()[pri:0, instance:com.StagingFECheck.testCases.StagingFECheckTP@6ea12c19]" name="testStagingFECheckTP" duration-ms="2740" started-at="2022-04-13T03:53:21Z" finished-at="2022-04-13T03:53:24Z">
          <reporter-output>
          </reporter-output>
        </test-method> <!-- testStagingFECheckTP -->
        <test-method status="PASS" signature="tearDown()[pri:0, instance:com.StagingFECheck.testCases.StagingFECheckTP@6ea12c19]" name="tearDown" is-config="true" duration-ms="179" started-at="2022-04-13T03:53:24Z" finished-at="2022-04-13T03:53:24Z">
          <reporter-output>
          </reporter-output>
        </test-method> <!-- tearDown -->
      </class> <!-- com.StagingFECheck.testCases.StagingFECheckTP -->
    </test> <!-- StagingFECheckTPonChrome -->
    <test name="StagingFECheckCBonFirefox" duration-ms="6847" started-at="2022-04-13T03:53:24Z" finished-at="2022-04-13T03:53:31Z">
      <class name="com.StagingFECheck.testCases.StagingFECheckCB">
        <test-method status="PASS" signature="setUp(java.lang.String)[pri:0, instance:com.StagingFECheck.testCases.StagingFECheckCB@6a2bcfcb]" name="setUp" is-config="true" duration-ms="2670" started-at="2022-04-13T03:53:24Z" finished-at="2022-04-13T03:53:27Z">
          <params>
            <param index="0">
              <value>
                <![CDATA[firefox]]>
              </value>
            </param>
          </params>
          <reporter-output>
          </reporter-output>
        </test-method> <!-- setUp -->
        <test-method status="PASS" signature="testStagingFECheckCB()[pri:0, instance:com.StagingFECheck.testCases.StagingFECheckCB@6a2bcfcb]" name="testStagingFECheckCB" duration-ms="3129" started-at="2022-04-13T03:53:27Z" finished-at="2022-04-13T03:53:30Z">
          <reporter-output>
          </reporter-output>
        </test-method> <!-- testStagingFECheckCB -->
        <test-method status="PASS" signature="tearDown()[pri:0, instance:com.StagingFECheck.testCases.StagingFECheckCB@6a2bcfcb]" name="tearDown" is-config="true" duration-ms="1048" started-at="2022-04-13T03:53:30Z" finished-at="2022-04-13T03:53:31Z">
          <reporter-output>
          </reporter-output>
        </test-method> <!-- tearDown -->
      </class> <!-- com.StagingFECheck.testCases.StagingFECheckCB -->
    </test> <!-- StagingFECheckCBonFirefox -->
    <test name="StagingFECheckCHEonFirefox" duration-ms="6533" started-at="2022-04-13T03:53:31Z" finished-at="2022-04-13T03:53:38Z">
      <class name="com.StagingFECheck.testCases.StagingFECheckCHE">
        <test-method status="PASS" signature="setUp(java.lang.String)[pri:0, instance:com.StagingFECheck.testCases.StagingFECheckCHE@573f2bb1]" name="setUp" is-config="true" duration-ms="2647" started-at="2022-04-13T03:53:31Z" finished-at="2022-04-13T03:53:34Z">
          <params>
            <param index="0">
              <value>
                <![CDATA[firefox]]>
              </value>
            </param>
          </params>
          <reporter-output>
          </reporter-output>
        </test-method> <!-- setUp -->
        <test-method status="PASS" signature="testStagingFECheckCHE()[pri:0, instance:com.StagingFECheck.testCases.StagingFECheckCHE@573f2bb1]" name="testStagingFECheckCHE" duration-ms="2835" started-at="2022-04-13T03:53:34Z" finished-at="2022-04-13T03:53:36Z">
          <reporter-output>
          </reporter-output>
        </test-method> <!-- testStagingFECheckCHE -->
        <test-method status="PASS" signature="tearDown()[pri:0, instance:com.StagingFECheck.testCases.StagingFECheckCHE@573f2bb1]" name="tearDown" is-config="true" duration-ms="1050" started-at="2022-04-13T03:53:36Z" finished-at="2022-04-13T03:53:38Z">
          <reporter-output>
          </reporter-output>
        </test-method> <!-- tearDown -->
      </class> <!-- com.StagingFECheck.testCases.StagingFECheckCHE -->
    </test> <!-- StagingFECheckCHEonFirefox -->
    <test name="StagingFECheckCHFonFirefox" duration-ms="7063" started-at="2022-04-13T03:53:38Z" finished-at="2022-04-13T03:53:45Z">
      <class name="com.StagingFECheck.testCases.StagingFECheckCHF">
        <test-method status="PASS" signature="setUp(java.lang.String)[pri:0, instance:com.StagingFECheck.testCases.StagingFECheckCHF@50c87b21]" name="setUp" is-config="true" duration-ms="2631" started-at="2022-04-13T03:53:38Z" finished-at="2022-04-13T03:53:40Z">
          <params>
            <param index="0">
              <value>
                <![CDATA[firefox]]>
              </value>
            </param>
          </params>
          <reporter-output>
          </reporter-output>
        </test-method> <!-- setUp -->
        <test-method status="PASS" signature="testStagingFECheckCHF()[pri:0, instance:com.StagingFECheck.testCases.StagingFECheckCHF@50c87b21]" name="testStagingFECheckCHF" duration-ms="3575" started-at="2022-04-13T03:53:40Z" finished-at="2022-04-13T03:53:44Z">
          <reporter-output>
          </reporter-output>
        </test-method> <!-- testStagingFECheckCHF -->
        <test-method status="PASS" signature="tearDown()[pri:0, instance:com.StagingFECheck.testCases.StagingFECheckCHF@50c87b21]" name="tearDown" is-config="true" duration-ms="855" started-at="2022-04-13T03:53:44Z" finished-at="2022-04-13T03:53:45Z">
          <reporter-output>
          </reporter-output>
        </test-method> <!-- tearDown -->
      </class> <!-- com.StagingFECheck.testCases.StagingFECheckCHF -->
    </test> <!-- StagingFECheckCHFonFirefox -->
    <test name="StagingFECheckFashiononFirefox" duration-ms="11022" started-at="2022-04-13T03:53:45Z" finished-at="2022-04-13T03:53:56Z">
      <class name="com.StagingFECheck.testCases.StagingFECheckFashion">
        <test-method status="PASS" signature="setUp(java.lang.String)[pri:0, instance:com.StagingFECheck.testCases.StagingFECheckFashion@5dfcfece]" name="setUp" is-config="true" duration-ms="2723" started-at="2022-04-13T03:53:45Z" finished-at="2022-04-13T03:53:47Z">
          <params>
            <param index="0">
              <value>
                <![CDATA[firefox]]>
              </value>
            </param>
          </params>
          <reporter-output>
          </reporter-output>
        </test-method> <!-- setUp -->
        <test-method status="PASS" signature="testStagingFECheckTL()[pri:0, instance:com.StagingFECheck.testCases.StagingFECheckFashion@5dfcfece]" name="testStagingFECheckTL" duration-ms="7569" started-at="2022-04-13T03:53:47Z" finished-at="2022-04-13T03:53:55Z">
          <reporter-output>
          </reporter-output>
        </test-method> <!-- testStagingFECheckTL -->
        <test-method status="PASS" signature="tearDown()[pri:0, instance:com.StagingFECheck.testCases.StagingFECheckFashion@5dfcfece]" name="tearDown" is-config="true" duration-ms="730" started-at="2022-04-13T03:53:55Z" finished-at="2022-04-13T03:53:56Z">
          <reporter-output>
          </reporter-output>
        </test-method> <!-- tearDown -->
      </class> <!-- com.StagingFECheck.testCases.StagingFECheckFashion -->
    </test> <!-- StagingFECheckFashiononFirefox -->
    <test name="StagingFECheckMAConFirefox" duration-ms="7501" started-at="2022-04-13T03:53:56Z" finished-at="2022-04-13T03:54:03Z">
      <class name="com.StagingFECheck.testCases.StagingFECheckMAC">
        <test-method status="PASS" signature="setUp(java.lang.String)[pri:0, instance:com.StagingFECheck.testCases.StagingFECheckMAC@100fc185]" name="setUp" is-config="true" duration-ms="2629" started-at="2022-04-13T03:53:56Z" finished-at="2022-04-13T03:53:58Z">
          <params>
            <param index="0">
              <value>
                <![CDATA[firefox]]>
              </value>
            </param>
          </params>
          <reporter-output>
          </reporter-output>
        </test-method> <!-- setUp -->
        <test-method status="PASS" signature="testStagingFECheckMAC()[pri:0, instance:com.StagingFECheck.testCases.StagingFECheckMAC@100fc185]" name="testStagingFECheckMAC" duration-ms="3765" started-at="2022-04-13T03:53:58Z" finished-at="2022-04-13T03:54:02Z">
          <reporter-output>
          </reporter-output>
        </test-method> <!-- testStagingFECheckMAC -->
        <test-method status="PASS" signature="tearDown()[pri:0, instance:com.StagingFECheck.testCases.StagingFECheckMAC@100fc185]" name="tearDown" is-config="true" duration-ms="1107" started-at="2022-04-13T03:54:02Z" finished-at="2022-04-13T03:54:03Z">
          <reporter-output>
          </reporter-output>
        </test-method> <!-- tearDown -->
      </class> <!-- com.StagingFECheck.testCases.StagingFECheckMAC -->
    </test> <!-- StagingFECheckMAConFirefox -->
    <test name="StagingFECheckTLonFirefox" duration-ms="12661" started-at="2022-04-13T03:54:03Z" finished-at="2022-04-13T03:54:16Z">
      <class name="com.StagingFECheck.testCases.StagingFECheckTL">
        <test-method status="PASS" signature="setUp(java.lang.String)[pri:0, instance:com.StagingFECheck.testCases.StagingFECheckTL@5034c75a]" name="setUp" is-config="true" duration-ms="3024" started-at="2022-04-13T03:54:03Z" finished-at="2022-04-13T03:54:06Z">
          <params>
            <param index="0">
              <value>
                <![CDATA[firefox]]>
              </value>
            </param>
          </params>
          <reporter-output>
          </reporter-output>
        </test-method> <!-- setUp -->
        <test-method status="PASS" signature="testStagingFECheckTL()[pri:0, instance:com.StagingFECheck.testCases.StagingFECheckTL@5034c75a]" name="testStagingFECheckTL" duration-ms="8789" started-at="2022-04-13T03:54:06Z" finished-at="2022-04-13T03:54:15Z">
          <reporter-output>
          </reporter-output>
        </test-method> <!-- testStagingFECheckTL -->
        <test-method status="PASS" signature="tearDown()[pri:0, instance:com.StagingFECheck.testCases.StagingFECheckTL@5034c75a]" name="tearDown" is-config="true" duration-ms="848" started-at="2022-04-13T03:54:15Z" finished-at="2022-04-13T03:54:16Z">
          <reporter-output>
          </reporter-output>
        </test-method> <!-- tearDown -->
      </class> <!-- com.StagingFECheck.testCases.StagingFECheckTL -->
    </test> <!-- StagingFECheckTLonFirefox -->
    <test name="StagingFECheckTPonFirefox" duration-ms="7045" started-at="2022-04-13T03:54:16Z" finished-at="2022-04-13T03:54:23Z">
      <class name="com.StagingFECheck.testCases.StagingFECheckTP">
        <test-method status="PASS" signature="setUp(java.lang.String)[pri:0, instance:com.StagingFECheck.testCases.StagingFECheckTP@735b5592]" name="setUp" is-config="true" duration-ms="2611" started-at="2022-04-13T03:54:16Z" finished-at="2022-04-13T03:54:18Z">
          <params>
            <param index="0">
              <value>
                <![CDATA[firefox]]>
              </value>
            </param>
          </params>
          <reporter-output>
          </reporter-output>
        </test-method> <!-- setUp -->
        <test-method status="PASS" signature="testStagingFECheckTP()[pri:0, instance:com.StagingFECheck.testCases.StagingFECheckTP@735b5592]" name="testStagingFECheckTP" duration-ms="3561" started-at="2022-04-13T03:54:18Z" finished-at="2022-04-13T03:54:22Z">
          <reporter-output>
          </reporter-output>
        </test-method> <!-- testStagingFECheckTP -->
        <test-method status="PASS" signature="tearDown()[pri:0, instance:com.StagingFECheck.testCases.StagingFECheckTP@735b5592]" name="tearDown" is-config="true" duration-ms="873" started-at="2022-04-13T03:54:22Z" finished-at="2022-04-13T03:54:23Z">
          <reporter-output>
          </reporter-output>
        </test-method> <!-- tearDown -->
      </class> <!-- com.StagingFECheck.testCases.StagingFECheckTP -->
    </test> <!-- StagingFECheckTPonFirefox -->
  </suite> <!-- StagingFECheck (0) -->
</testng-results>
