<?xml version="1.0" encoding="UTF-8"?>
<!-- Generated by org.testng.reporters.JUnitXMLReporter -->
<testsuite hostname="H21928.local" ignored="0" name="StagingFECheckCHEonFirefox" tests="1" failures="0" timestamp="13 Apr 2022 03:06:45 GMT" time="0.009" errors="0">
  <testcase name="@BeforeClass setUp" time="0.002" classname="com.StagingFECheck.testCases.BaseClass">
    <failure type="java.lang.IllegalStateException" message="The driver is not executable: /Users/byang/eclipse-workspace/StagingFECheck/./Drivers/geckodriver">
      <![CDATA[java.lang.IllegalStateException: The driver is not executable: /Users/byang/eclipse-workspace/StagingFECheck/./Drivers/geckodriver
at com.google.common.base.Preconditions.checkState(Preconditions.java:585)
at org.openqa.selenium.remote.service.DriverService.checkExecutable(DriverService.java:150)
at org.openqa.selenium.remote.service.DriverService.findExecutable(DriverService.java:141)
at org.openqa.selenium.firefox.GeckoDriverService.access$100(GeckoDriverService.java:44)
at org.openqa.selenium.firefox.GeckoDriverService$Builder.findDefaultExecutable(GeckoDriverService.java:167)
at org.openqa.selenium.remote.service.DriverService$Builder.build(DriverService.java:355)
at org.openqa.selenium.firefox.FirefoxDriver.toExecutor(FirefoxDriver.java:190)
at org.openqa.selenium.firefox.FirefoxDriver.<init>(FirefoxDriver.java:147)
at org.openqa.selenium.firefox.FirefoxDriver.<init>(FirefoxDriver.java:125)
at com.StagingFECheck.testCases.BaseClass.setUp(BaseClass.java:49)
... Removed 26 stack frames]]>
    </failure>
  </testcase> <!-- @BeforeClass setUp -->
  <testcase name="@AfterClass tearDown" time="0.0" classname="com.StagingFECheck.testCases.BaseClass">
    <failure type="java.lang.NullPointerException">
      <![CDATA[java.lang.NullPointerException
at com.StagingFECheck.testCases.BaseClass.tearDown(BaseClass.java:57)
... Removed 26 stack frames]]>
    </failure>
  </testcase> <!-- @AfterClass tearDown -->
  <testcase name="testStagingFECheckCHE" time="0.0" classname="com.StagingFECheck.testCases.StagingFECheckCHE">
    <skipped/>
  </testcase> <!-- testStagingFECheckCHE -->
</testsuite> <!-- StagingFECheckCHEonFirefox -->
